16:38:24 **** Incremental Build of configuration TriCore Debug (TASKING) for project 06_ENCODER ****
make --output-sync -j12 all 
Building file: ../Scheduler.c
TASKING VX-toolset for AURIX Development Studio (non-commercial): control program v1.1r8 Build 22011964
ctc W570: ["../Scheduler.c" 115/22] type of argument #3 is incompatible with format
0 errors, 1 warnings
Invoking: TASKING C/C++ Compiler
cctc -cs --dep-file="Scheduler.d" --misrac-version=2004 -D__CPU__=tc27xd "-fC:/Users/user/AURIX-v1.9.20-workspace/06_ENCODER/TriCore Debug (TASKING)/TASKING_C_C___Compiler-Include_paths__-I_.opt" --iso=99 --c++14 --language=+volatile --exceptions --anachronisms --fp-model=3 -O0 --tradeoff=4 --compact-max-size=200 -g -Wc-w544 -Wc-w557 -Ctc27xd -Y0 -N0 -Z0 -o "Scheduler.src" "../Scheduler.c" && \
if [ -f "Scheduler.d" ]; then sed.exe -r  -e 's/\\/\//g' -e 's/\/\//\//g' -e 's/"//g' -e 's/([a-zA-Z]:\/)/\L\1/g' -e 's/\d32:/@TARGET_DELIMITER@/g; s/\\\d32/@ESCAPED_SPACE@/g; s/\d32/\\\d32/g; s/@ESCAPED_SPACE@/\\\d32/g; s/@TARGET_DELIMITER@/\d32:/g' "Scheduler.d" > "Scheduler.d_sed" && cp "Scheduler.d_sed" "Scheduler.d" && rm -f "Scheduler.d_sed" 2>/dev/null; else echo 'No dependency file to process';fi
Finished building: ../Scheduler.c
 
TASKING VX-toolset for AURIX Development Studio (non-commercial): assembler v1.1r8 Build 22011964
Building file: Scheduler.src
Invoking: TASKING Assembler
astc -Og -Os --no-warnings= --error-limit=42 -o  "Scheduler.o" "Scheduler.src"
Finished building: Scheduler.src
 
Building target: 06_ENCODER.elf
Invoking: TASKING Linker
cctc --lsl-file="../Lcf_Tasking_Tricore_Tc.lsl" -Wl-Oc -Wl-OL -Wl-Ot -Wl-Ox -Wl-Oy -Wl--map-file="06_ENCODER.map" -Wl-mc -Wl-mf -Wl-mi -Wl-mk -Wl-ml -Wl-mm -Wl-md -Wl-mr -Wl-mu --no-warnings= -Wl--error-limit=42 --fp-model=3 -lrt --lsl-core=vtc --exceptions --strict --anachronisms --force-c++ -Ctc27xd -o"06_ENCODER.elf" -Wl-o"06_ENCODER.hex:IHEX"  ./Libraries/iLLD/TC27D/Tricore/_PinMap/IfxAsclin_PinMap.o ./Libraries/iLLD/TC27D/Tricore/_PinMap/IfxCcu6_PinMap.o ./Libraries/iLLD/TC27D/Tricore/_PinMap/IfxCif_PinMap.o ./Libraries/iLLD/TC27D/Tricore/_PinMap/IfxDsadc_PinMap.o ./Libraries/iLLD/TC27D/Tricore/_PinMap/IfxEray_PinMap.o ./Libraries/iLLD/TC27D/Tricore/_PinMap/IfxEth_PinMap.o ./Libraries/iLLD/TC27D/Tricore/_PinMap/IfxGpt12_PinMap.o ./Libraries/iLLD/TC27D/Tricore/_PinMap/IfxGtm_PinMap.o ./Libraries/iLLD/TC27D/Tricore/_PinMap/IfxI2c_PinMap.o ./Libraries/iLLD/TC27D/Tricore/_PinMap/IfxMsc_PinMap.o ./Libraries/iLLD/TC27D/Tricore/_PinMap/IfxMultican_PinMap.o ./Libraries/iLLD/TC27D/Tricore/_PinMap/IfxPort_PinMap.o ./Libraries/iLLD/TC27D/Tricore/_PinMap/IfxPsi5_PinMap.o ./Libraries/iLLD/TC27D/Tricore/_PinMap/IfxPsi5s_PinMap.o ./Libraries/iLLD/TC27D/Tricore/_PinMap/IfxQspi_PinMap.o ./Libraries/iLLD/TC27D/Tricore/_PinMap/IfxScu_PinMap.o ./Libraries/iLLD/TC27D/Tricore/_PinMap/IfxSent_PinMap.o ./Libraries/iLLD/TC27D/Tricore/_PinMap/IfxSmu_PinMap.o ./Libraries/iLLD/TC27D/Tricore/_PinMap/IfxVadc_PinMap.o  ./Libraries/iLLD/TC27D/Tricore/_Lib/DataHandling/Ifx_CircularBuffer.asm.o ./Libraries/iLLD/TC27D/Tricore/_Lib/DataHandling/Ifx_CircularBuffer.o ./Libraries/iLLD/TC27D/Tricore/_Lib/DataHandling/Ifx_Fifo.o  ./Libraries/iLLD/TC27D/Tricore/_Impl/IfxAsclin_cfg.o ./Libraries/iLLD/TC27D/Tricore/_Impl/IfxCcu6_cfg.o ./Libraries/iLLD/TC27D/Tricore/_Impl/IfxCif_cfg.o ./Libraries/iLLD/TC27D/Tricore/_Impl/IfxCpu_cfg.o ./Libraries/iLLD/TC27D/Tricore/_Impl/IfxDma_cfg.o ./Libraries/iLLD/TC27D/Tricore/_Impl/IfxEmem_cfg.o ./Libraries/iLLD/TC27D/Tricore/_Impl/IfxEray_cfg.o ./Libraries/iLLD/TC27D/Tricore/_Impl/IfxFlash_cfg.o ./Libraries/iLLD/TC27D/Tricore/_Impl/IfxGtm_cfg.o ./Libraries/iLLD/TC27D/Tricore/_Impl/IfxHssl_cfg.o ./Libraries/iLLD/TC27D/Tricore/_Impl/IfxI2c_cfg.o ./Libraries/iLLD/TC27D/Tricore/_Impl/IfxMsc_cfg.o ./Libraries/iLLD/TC27D/Tricore/_Impl/IfxMtu_cfg.o ./Libraries/iLLD/TC27D/Tricore/_Impl/IfxMultican_cfg.o ./Libraries/iLLD/TC27D/Tricore/_Impl/IfxPort_cfg.o ./Libraries/iLLD/TC27D/Tricore/_Impl/IfxPsi5_cfg.o ./Libraries/iLLD/TC27D/Tricore/_Impl/IfxQspi_cfg.o ./Libraries/iLLD/TC27D/Tricore/_Impl/IfxScu_cfg.o ./Libraries/iLLD/TC27D/Tricore/_Impl/IfxSent_cfg.o ./Libraries/iLLD/TC27D/Tricore/_Impl/IfxSmu_cfg.o ./Libraries/iLLD/TC27D/Tricore/_Impl/IfxSrc_cfg.o ./Libraries/iLLD/TC27D/Tricore/_Impl/IfxStm_cfg.o ./Libraries/iLLD/TC27D/Tricore/_Impl/IfxVadc_cfg.o  ./Libraries/iLLD/TC27D/Tricore/Vadc/Std/IfxVadc.o  ./Libraries/iLLD/TC27D/Tricore/Vadc/Adc/IfxVadc_Adc.o  ./Libraries/iLLD/TC27D/Tricore/Stm/Std/IfxStm.o  ./Libraries/iLLD/TC27D/Tricore/Src/Std/IfxSrc.o  ./Libraries/iLLD/TC27D/Tricore/Scu/Std/IfxScuCcu.o ./Libraries/iLLD/TC27D/Tricore/Scu/Std/IfxScuEru.o ./Libraries/iLLD/TC27D/Tricore/Scu/Std/IfxScuWdt.o  ./Libraries/iLLD/TC27D/Tricore/Port/Std/IfxPort.o  ./Libraries/iLLD/TC27D/Tricore/Mtu/Std/IfxMtu.o  ./Libraries/iLLD/TC27D/Tricore/Gtm/Tom/Timer/IfxGtm_Tom_Timer.o  ./Libraries/iLLD/TC27D/Tricore/Gtm/Tom/PwmHl/IfxGtm_Tom_PwmHl.o  ./Libraries/iLLD/TC27D/Tricore/Gtm/Std/IfxGtm.o ./Libraries/iLLD/TC27D/Tricore/Gtm/Std/IfxGtm_Atom.o ./Libraries/iLLD/TC27D/Tricore/Gtm/Std/IfxGtm_Cmu.o ./Libraries/iLLD/TC27D/Tricore/Gtm/Std/IfxGtm_Dpll.o ./Libraries/iLLD/TC27D/Tricore/Gtm/Std/IfxGtm_Tbu.o ./Libraries/iLLD/TC27D/Tricore/Gtm/Std/IfxGtm_Tim.o ./Libraries/iLLD/TC27D/Tricore/Gtm/Std/IfxGtm_Tom.o  ./Libraries/iLLD/TC27D/Tricore/Cpu/Trap/IfxCpu_Trap.o  ./Libraries/iLLD/TC27D/Tricore/Cpu/Std/IfxCpu.o  ./Libraries/iLLD/TC27D/Tricore/Cpu/Irq/IfxCpu_Irq.o  ./Libraries/iLLD/TC27D/Tricore/Cpu/CStart/IfxCpu_CStart0.o ./Libraries/iLLD/TC27D/Tricore/Cpu/CStart/IfxCpu_CStart1.o ./Libraries/iLLD/TC27D/Tricore/Cpu/CStart/IfxCpu_CStart2.o  ./Libraries/iLLD/TC27D/Tricore/Asclin/Std/IfxAsclin.o  ./Libraries/iLLD/TC27D/Tricore/Asclin/Asc/IfxAsclin_Asc.o  ./Libraries/Service/CpuGeneric/SysSe/Bsp/Assert.o ./Libraries/Service/CpuGeneric/SysSe/Bsp/Bsp.o  ./Libraries/Service/CpuGeneric/StdIf/IfxStdIf_DPipe.o ./Libraries/Service/CpuGeneric/StdIf/IfxStdIf_Pos.o ./Libraries/Service/CpuGeneric/StdIf/IfxStdIf_PwmHl.o ./Libraries/Service/CpuGeneric/StdIf/IfxStdIf_Timer.o  ./Libraries/Infra/Platform/Tricore/Compilers/CompilerDcc.o ./Libraries/Infra/Platform/Tricore/Compilers/CompilerGcc.o ./Libraries/Infra/Platform/Tricore/Compilers/CompilerGhs.o ./Libraries/Infra/Platform/Tricore/Compilers/CompilerGnuc.o ./Libraries/Infra/Platform/Tricore/Compilers/CompilerTasking.o  ./Configurations/Debug/sync_on_halt.o  ./Blinky_LED.o ./Cpu0_Main.o ./Cpu1_Main.o ./Cpu2_Main.o ./Driver_Stm.o ./DrvAdc.o ./GtmTomPwmHl.o ./Scheduler.o ./uart.o 
Finished building target: 06_ENCODER.elf
 
TASKING VX-toolset for AURIX Development Studio (non-commercial): control program v1.1r8 Build 22011964
TASKING VX-toolset for AURIX Development Studio (non-commercial): ELF size v1.1r8 Build 22011964
Invoking: Print Size
elfsize  "06_ENCODER.elf"
Total sizes:
ROM: 0x6f40 (28480) = code: 0x6aca (27338) + romdata: 0x476 (1142)
RAM: 0x98a3 (39075) = data + bss
Finished building: 06_ENCODER.siz
 

16:38:26 Build Finished. 0 errors, 1 warnings. (took 1s.676ms)

