18:09:01 **** Incremental Build of configuration TriCore Debug (TASKING) for project PWM ****
make --output-sync -j12 all 
Building file: ../Cpu1_Main.c
TASKING VX-toolset for AURIX Development Studio (non-commercial): control program v1.1r8 Build 22011964
Invoking: TASKING C/C++ Compiler
cctc -cs --dep-file="Cpu1_Main.d" --misrac-version=2004 -D__CPU__=tc27xd "-fC:/Users/user/AURIX-v1.9.20-workspace/PWM/TriCore Debug (TASKING)/TASKING_C_C___Compiler-Include_paths__-I_.opt" --iso=99 --c++14 --language=+volatile --exceptions --anachronisms --fp-model=3 -O0 --tradeoff=4 --compact-max-size=200 -g -Wc-w544 -Wc-w557 -Ctc27xd -Y0 -N0 -Z0 -o "Cpu1_Main.src" "../Cpu1_Main.c" && \
if [ -f "Cpu1_Main.d" ]; then sed.exe -r  -e 's/\\/\//g' -e 's/\/\//\//g' -e 's/"//g' -e 's/([a-zA-Z]:\/)/\L\1/g' -e 's/\d32:/@TARGET_DELIMITER@/g; s/\\\d32/@ESCAPED_SPACE@/g; s/\d32/\\\d32/g; s/@ESCAPED_SPACE@/\\\d32/g; s/@TARGET_DELIMITER@/\d32:/g' "Cpu1_Main.d" > "Cpu1_Main.d_sed" && cp "Cpu1_Main.d_sed" "Cpu1_Main.d" && rm -f "Cpu1_Main.d_sed" 2>/dev/null; else echo 'No dependency file to process';fi
Finished building: ../Cpu1_Main.c
 
TASKING VX-toolset for AURIX Development Studio (non-commercial): control program v1.1r8 Build 22011964
Building file: ../Cpu2_Main.c
Invoking: TASKING C/C++ Compiler
cctc -cs --dep-file="Cpu2_Main.d" --misrac-version=2004 -D__CPU__=tc27xd "-fC:/Users/user/AURIX-v1.9.20-workspace/PWM/TriCore Debug (TASKING)/TASKING_C_C___Compiler-Include_paths__-I_.opt" --iso=99 --c++14 --language=+volatile --exceptions --anachronisms --fp-model=3 -O0 --tradeoff=4 --compact-max-size=200 -g -Wc-w544 -Wc-w557 -Ctc27xd -Y0 -N0 -Z0 -o "Cpu2_Main.src" "../Cpu2_Main.c" && \
if [ -f "Cpu2_Main.d" ]; then sed.exe -r  -e 's/\\/\//g' -e 's/\/\//\//g' -e 's/"//g' -e 's/([a-zA-Z]:\/)/\L\1/g' -e 's/\d32:/@TARGET_DELIMITER@/g; s/\\\d32/@ESCAPED_SPACE@/g; s/\d32/\\\d32/g; s/@ESCAPED_SPACE@/\\\d32/g; s/@TARGET_DELIMITER@/\d32:/g' "Cpu2_Main.d" > "Cpu2_Main.d_sed" && cp "Cpu2_Main.d_sed" "Cpu2_Main.d" && rm -f "Cpu2_Main.d_sed" 2>/dev/null; else echo 'No dependency file to process';fi
Finished building: ../Cpu2_Main.c
 
TASKING VX-toolset for AURIX Development Studio (non-commercial): control program v1.1r8 Build 22011964
Building file: ../Cpu0_Main.c
ctc W505: ["../Cpu0_Main.c" 47/5] implicit declaration of function "initLED"
Invoking: TASKING C/C++ Compiler
ctc W577: ["../Cpu0_Main.c" 47/12] calling a function without a prototype
ctc W505: ["../Cpu0_Main.c" 48/5] implicit declaration of function "GtmTomPwmHl_init"
ctc W577: ["../Cpu0_Main.c" 48/21] calling a function without a prototype
ctc W505: ["../Cpu0_Main.c" 52/9] implicit declaration of function "AppScheduling"
ctc W577: ["../Cpu0_Main.c" 52/22] calling a function without a prototype
0 errors, 6 warnings
cctc -cs --dep-file="Cpu0_Main.d" --misrac-version=2004 -D__CPU__=tc27xd "-fC:/Users/user/AURIX-v1.9.20-workspace/PWM/TriCore Debug (TASKING)/TASKING_C_C___Compiler-Include_paths__-I_.opt" --iso=99 --c++14 --language=+volatile --exceptions --anachronisms --fp-model=3 -O0 --tradeoff=4 --compact-max-size=200 -g -Wc-w544 -Wc-w557 -Ctc27xd -Y0 -N0 -Z0 -o "Cpu0_Main.src" "../Cpu0_Main.c" && \
if [ -f "Cpu0_Main.d" ]; then sed.exe -r  -e 's/\\/\//g' -e 's/\/\//\//g' -e 's/"//g' -e 's/([a-zA-Z]:\/)/\L\1/g' -e 's/\d32:/@TARGET_DELIMITER@/g; s/\\\d32/@ESCAPED_SPACE@/g; s/\d32/\\\d32/g; s/@ESCAPED_SPACE@/\\\d32/g; s/@TARGET_DELIMITER@/\d32:/g' "Cpu0_Main.d" > "Cpu0_Main.d_sed" && cp "Cpu0_Main.d_sed" "Cpu0_Main.d" && rm -f "Cpu0_Main.d_sed" 2>/dev/null; else echo 'No dependency file to process';fi
Finished building: ../Cpu0_Main.c
 
TASKING VX-toolset for AURIX Development Studio (non-commercial): control program v1.1r8 Build 22011964
Building file: ../Blinky_LED.c
Invoking: TASKING C/C++ Compiler
cctc -cs --dep-file="Blinky_LED.d" --misrac-version=2004 -D__CPU__=tc27xd "-fC:/Users/user/AURIX-v1.9.20-workspace/PWM/TriCore Debug (TASKING)/TASKING_C_C___Compiler-Include_paths__-I_.opt" --iso=99 --c++14 --language=+volatile --exceptions --anachronisms --fp-model=3 -O0 --tradeoff=4 --compact-max-size=200 -g -Wc-w544 -Wc-w557 -Ctc27xd -Y0 -N0 -Z0 -o "Blinky_LED.src" "../Blinky_LED.c" && \
if [ -f "Blinky_LED.d" ]; then sed.exe -r  -e 's/\\/\//g' -e 's/\/\//\//g' -e 's/"//g' -e 's/([a-zA-Z]:\/)/\L\1/g' -e 's/\d32:/@TARGET_DELIMITER@/g; s/\\\d32/@ESCAPED_SPACE@/g; s/\d32/\\\d32/g; s/@ESCAPED_SPACE@/\\\d32/g; s/@TARGET_DELIMITER@/\d32:/g' "Blinky_LED.d" > "Blinky_LED.d_sed" && cp "Blinky_LED.d_sed" "Blinky_LED.d" && rm -f "Blinky_LED.d_sed" 2>/dev/null; else echo 'No dependency file to process';fi
Finished building: ../Blinky_LED.c
 
TASKING VX-toolset for AURIX Development Studio (non-commercial): control program v1.1r8 Build 22011964
Building file: ../Scheduler.c
ctc W505: ["../Scheduler.c" 37/5] implicit declaration of function "GtmTomPwmHl_run"
Invoking: TASKING C/C++ Compiler
ctc W577: ["../Scheduler.c" 37/20] calling a function without a prototype
cctc -cs --dep-file="Scheduler.d" --misrac-version=2004 -D__CPU__=tc27xd "-fC:/Users/user/AURIX-v1.9.20-workspace/PWM/TriCore Debug (TASKING)/TASKING_C_C___Compiler-Include_paths__-I_.opt" --iso=99 --c++14 --language=+volatile --exceptions --anachronisms --fp-model=3 -O0 --tradeoff=4 --compact-max-size=200 -g -Wc-w544 -Wc-w557 -Ctc27xd -Y0 -N0 -Z0 -o "Scheduler.src" "../Scheduler.c" && \
0 errors, 2 warnings
if [ -f "Scheduler.d" ]; then sed.exe -r  -e 's/\\/\//g' -e 's/\/\//\//g' -e 's/"//g' -e 's/([a-zA-Z]:\/)/\L\1/g' -e 's/\d32:/@TARGET_DELIMITER@/g; s/\\\d32/@ESCAPED_SPACE@/g; s/\d32/\\\d32/g; s/@ESCAPED_SPACE@/\\\d32/g; s/@TARGET_DELIMITER@/\d32:/g' "Scheduler.d" > "Scheduler.d_sed" && cp "Scheduler.d_sed" "Scheduler.d" && rm -f "Scheduler.d_sed" 2>/dev/null; else echo 'No dependency file to process';fi
Finished building: ../Scheduler.c
 
TASKING VX-toolset for AURIX Development Studio (non-commercial): control program v1.1r8 Build 22011964
Building file: ../Driver_Stm.c
Invoking: TASKING C/C++ Compiler
cctc -cs --dep-file="Driver_Stm.d" --misrac-version=2004 -D__CPU__=tc27xd "-fC:/Users/user/AURIX-v1.9.20-workspace/PWM/TriCore Debug (TASKING)/TASKING_C_C___Compiler-Include_paths__-I_.opt" --iso=99 --c++14 --language=+volatile --exceptions --anachronisms --fp-model=3 -O0 --tradeoff=4 --compact-max-size=200 -g -Wc-w544 -Wc-w557 -Ctc27xd -Y0 -N0 -Z0 -o "Driver_Stm.src" "../Driver_Stm.c" && \
if [ -f "Driver_Stm.d" ]; then sed.exe -r  -e 's/\\/\//g' -e 's/\/\//\//g' -e 's/"//g' -e 's/([a-zA-Z]:\/)/\L\1/g' -e 's/\d32:/@TARGET_DELIMITER@/g; s/\\\d32/@ESCAPED_SPACE@/g; s/\d32/\\\d32/g; s/@ESCAPED_SPACE@/\\\d32/g; s/@TARGET_DELIMITER@/\d32:/g' "Driver_Stm.d" > "Driver_Stm.d_sed" && cp "Driver_Stm.d_sed" "Driver_Stm.d" && rm -f "Driver_Stm.d_sed" 2>/dev/null; else echo 'No dependency file to process';fi
Finished building: ../Driver_Stm.c
 
TASKING VX-toolset for AURIX Development Studio (non-commercial): assembler v1.1r8 Build 22011964
Building file: Cpu1_Main.src
Invoking: TASKING Assembler
astc -Og -Os --no-warnings= --error-limit=42 -o  "Cpu1_Main.o" "Cpu1_Main.src"
Finished building: Cpu1_Main.src
 
Building file: Cpu0_Main.src
TASKING VX-toolset for AURIX Development Studio (non-commercial): assembler v1.1r8 Build 22011964
Invoking: TASKING Assembler
astc -Og -Os --no-warnings= --error-limit=42 -o  "Cpu0_Main.o" "Cpu0_Main.src"
Finished building: Cpu0_Main.src
 
Building file: Cpu2_Main.src
TASKING VX-toolset for AURIX Development Studio (non-commercial): assembler v1.1r8 Build 22011964
Invoking: TASKING Assembler
astc -Og -Os --no-warnings= --error-limit=42 -o  "Cpu2_Main.o" "Cpu2_Main.src"
Finished building: Cpu2_Main.src
 
Building file: Blinky_LED.src
Invoking: TASKING Assembler
astc -Og -Os --no-warnings= --error-limit=42 -o  "Blinky_LED.o" "Blinky_LED.src"
Finished building: Blinky_LED.src
 
TASKING VX-toolset for AURIX Development Studio (non-commercial): assembler v1.1r8 Build 22011964
TASKING VX-toolset for AURIX Development Studio (non-commercial): assembler v1.1r8 Build 22011964
Building file: Driver_Stm.src
Invoking: TASKING Assembler
astc -Og -Os --no-warnings= --error-limit=42 -o  "Driver_Stm.o" "Driver_Stm.src"
Finished building: Driver_Stm.src
 
TASKING VX-toolset for AURIX Development Studio (non-commercial): assembler v1.1r8 Build 22011964
Building file: Scheduler.src
Invoking: TASKING Assembler
astc -Og -Os --no-warnings= --error-limit=42 -o  "Scheduler.o" "Scheduler.src"
Finished building: Scheduler.src
 
TASKING VX-toolset for AURIX Development Studio (non-commercial): control program v1.1r8 Build 22011964
Building file: ../GtmTomPwmHl.c
Invoking: TASKING C/C++ Compiler
cctc -cs --dep-file="GtmTomPwmHl.d" --misrac-version=2004 -D__CPU__=tc27xd "-fC:/Users/user/AURIX-v1.9.20-workspace/PWM/TriCore Debug (TASKING)/TASKING_C_C___Compiler-Include_paths__-I_.opt" --iso=99 --c++14 --language=+volatile --exceptions --anachronisms --fp-model=3 -O0 --tradeoff=4 --compact-max-size=200 -g -Wc-w544 -Wc-w557 -Ctc27xd -Y0 -N0 -Z0 -o "GtmTomPwmHl.src" "../GtmTomPwmHl.c" && \
if [ -f "GtmTomPwmHl.d" ]; then sed.exe -r  -e 's/\\/\//g' -e 's/\/\//\//g' -e 's/"//g' -e 's/([a-zA-Z]:\/)/\L\1/g' -e 's/\d32:/@TARGET_DELIMITER@/g; s/\\\d32/@ESCAPED_SPACE@/g; s/\d32/\\\d32/g; s/@ESCAPED_SPACE@/\\\d32/g; s/@TARGET_DELIMITER@/\d32:/g' "GtmTomPwmHl.d" > "GtmTomPwmHl.d_sed" && cp "GtmTomPwmHl.d_sed" "GtmTomPwmHl.d" && rm -f "GtmTomPwmHl.d_sed" 2>/dev/null; else echo 'No dependency file to process';fi
Finished building: ../GtmTomPwmHl.c
 
Building file: GtmTomPwmHl.src
Invoking: TASKING Assembler
TASKING VX-toolset for AURIX Development Studio (non-commercial): assembler v1.1r8 Build 22011964
astc -Og -Os --no-warnings= --error-limit=42 -o  "GtmTomPwmHl.o" "GtmTomPwmHl.src"
Finished building: GtmTomPwmHl.src
 
Building target: PWM.elf
Invoking: TASKING Linker
TASKING VX-toolset for AURIX Development Studio (non-commercial): control program v1.1r8 Build 22011964
cctc --lsl-file="../Lcf_Tasking_Tricore_Tc.lsl" -Wl-Oc -Wl-OL -Wl-Ot -Wl-Ox -Wl-Oy -Wl--map-file="PWM.map" -Wl-mc -Wl-mf -Wl-mi -Wl-mk -Wl-ml -Wl-mm -Wl-md -Wl-mr -Wl-mu --no-warnings= -Wl--error-limit=42 --fp-model=3 -lrt --lsl-core=vtc --exceptions --strict --anachronisms --force-c++ -Ctc27xd -o"PWM.elf" -Wl-o"PWM.hex:IHEX"  ./Libraries/iLLD/TC27D/Tricore/_PinMap/IfxAsclin_PinMap.o ./Libraries/iLLD/TC27D/Tricore/_PinMap/IfxCcu6_PinMap.o ./Libraries/iLLD/TC27D/Tricore/_PinMap/IfxCif_PinMap.o ./Libraries/iLLD/TC27D/Tricore/_PinMap/IfxDsadc_PinMap.o ./Libraries/iLLD/TC27D/Tricore/_PinMap/IfxEray_PinMap.o ./Libraries/iLLD/TC27D/Tricore/_PinMap/IfxEth_PinMap.o ./Libraries/iLLD/TC27D/Tricore/_PinMap/IfxGpt12_PinMap.o ./Libraries/iLLD/TC27D/Tricore/_PinMap/IfxGtm_PinMap.o ./Libraries/iLLD/TC27D/Tricore/_PinMap/IfxI2c_PinMap.o ./Libraries/iLLD/TC27D/Tricore/_PinMap/IfxMsc_PinMap.o ./Libraries/iLLD/TC27D/Tricore/_PinMap/IfxMultican_PinMap.o ./Libraries/iLLD/TC27D/Tricore/_PinMap/IfxPort_PinMap.o ./Libraries/iLLD/TC27D/Tricore/_PinMap/IfxPsi5_PinMap.o ./Libraries/iLLD/TC27D/Tricore/_PinMap/IfxPsi5s_PinMap.o ./Libraries/iLLD/TC27D/Tricore/_PinMap/IfxQspi_PinMap.o ./Libraries/iLLD/TC27D/Tricore/_PinMap/IfxScu_PinMap.o ./Libraries/iLLD/TC27D/Tricore/_PinMap/IfxSent_PinMap.o ./Libraries/iLLD/TC27D/Tricore/_PinMap/IfxSmu_PinMap.o ./Libraries/iLLD/TC27D/Tricore/_PinMap/IfxVadc_PinMap.o  ./Libraries/iLLD/TC27D/Tricore/_Impl/IfxAsclin_cfg.o ./Libraries/iLLD/TC27D/Tricore/_Impl/IfxCcu6_cfg.o ./Libraries/iLLD/TC27D/Tricore/_Impl/IfxCif_cfg.o ./Libraries/iLLD/TC27D/Tricore/_Impl/IfxCpu_cfg.o ./Libraries/iLLD/TC27D/Tricore/_Impl/IfxDma_cfg.o ./Libraries/iLLD/TC27D/Tricore/_Impl/IfxEmem_cfg.o ./Libraries/iLLD/TC27D/Tricore/_Impl/IfxEray_cfg.o ./Libraries/iLLD/TC27D/Tricore/_Impl/IfxFlash_cfg.o ./Libraries/iLLD/TC27D/Tricore/_Impl/IfxGtm_cfg.o ./Libraries/iLLD/TC27D/Tricore/_Impl/IfxHssl_cfg.o ./Libraries/iLLD/TC27D/Tricore/_Impl/IfxI2c_cfg.o ./Libraries/iLLD/TC27D/Tricore/_Impl/IfxMsc_cfg.o ./Libraries/iLLD/TC27D/Tricore/_Impl/IfxMtu_cfg.o ./Libraries/iLLD/TC27D/Tricore/_Impl/IfxMultican_cfg.o ./Libraries/iLLD/TC27D/Tricore/_Impl/IfxPort_cfg.o ./Libraries/iLLD/TC27D/Tricore/_Impl/IfxPsi5_cfg.o ./Libraries/iLLD/TC27D/Tricore/_Impl/IfxQspi_cfg.o ./Libraries/iLLD/TC27D/Tricore/_Impl/IfxScu_cfg.o ./Libraries/iLLD/TC27D/Tricore/_Impl/IfxSent_cfg.o ./Libraries/iLLD/TC27D/Tricore/_Impl/IfxSmu_cfg.o ./Libraries/iLLD/TC27D/Tricore/_Impl/IfxSrc_cfg.o ./Libraries/iLLD/TC27D/Tricore/_Impl/IfxStm_cfg.o ./Libraries/iLLD/TC27D/Tricore/_Impl/IfxVadc_cfg.o  ./Libraries/iLLD/TC27D/Tricore/Vadc/Std/IfxVadc.o  ./Libraries/iLLD/TC27D/Tricore/Vadc/Adc/IfxVadc_Adc.o  ./Libraries/iLLD/TC27D/Tricore/Stm/Std/IfxStm.o  ./Libraries/iLLD/TC27D/Tricore/Src/Std/IfxSrc.o  ./Libraries/iLLD/TC27D/Tricore/Scu/Std/IfxScuCcu.o ./Libraries/iLLD/TC27D/Tricore/Scu/Std/IfxScuEru.o ./Libraries/iLLD/TC27D/Tricore/Scu/Std/IfxScuWdt.o  ./Libraries/iLLD/TC27D/Tricore/Port/Std/IfxPort.o  ./Libraries/iLLD/TC27D/Tricore/Mtu/Std/IfxMtu.o  ./Libraries/iLLD/TC27D/Tricore/Gtm/Tom/Timer/IfxGtm_Tom_Timer.o  ./Libraries/iLLD/TC27D/Tricore/Gtm/Tom/PwmHl/IfxGtm_Tom_PwmHl.o  ./Libraries/iLLD/TC27D/Tricore/Gtm/Std/IfxGtm.o ./Libraries/iLLD/TC27D/Tricore/Gtm/Std/IfxGtm_Atom.o ./Libraries/iLLD/TC27D/Tricore/Gtm/Std/IfxGtm_Cmu.o ./Libraries/iLLD/TC27D/Tricore/Gtm/Std/IfxGtm_Dpll.o ./Libraries/iLLD/TC27D/Tricore/Gtm/Std/IfxGtm_Tbu.o ./Libraries/iLLD/TC27D/Tricore/Gtm/Std/IfxGtm_Tim.o ./Libraries/iLLD/TC27D/Tricore/Gtm/Std/IfxGtm_Tom.o  ./Libraries/iLLD/TC27D/Tricore/Cpu/Trap/IfxCpu_Trap.o  ./Libraries/iLLD/TC27D/Tricore/Cpu/Std/IfxCpu.o  ./Libraries/iLLD/TC27D/Tricore/Cpu/Irq/IfxCpu_Irq.o  ./Libraries/iLLD/TC27D/Tricore/Cpu/CStart/IfxCpu_CStart0.o ./Libraries/iLLD/TC27D/Tricore/Cpu/CStart/IfxCpu_CStart1.o ./Libraries/iLLD/TC27D/Tricore/Cpu/CStart/IfxCpu_CStart2.o  ./Libraries/Service/CpuGeneric/SysSe/Bsp/Assert.o ./Libraries/Service/CpuGeneric/SysSe/Bsp/Bsp.o  ./Libraries/Service/CpuGeneric/StdIf/IfxStdIf_DPipe.o ./Libraries/Service/CpuGeneric/StdIf/IfxStdIf_Pos.o ./Libraries/Service/CpuGeneric/StdIf/IfxStdIf_PwmHl.o ./Libraries/Service/CpuGeneric/StdIf/IfxStdIf_Timer.o  ./Libraries/Infra/Platform/Tricore/Compilers/CompilerDcc.o ./Libraries/Infra/Platform/Tricore/Compilers/CompilerGcc.o ./Libraries/Infra/Platform/Tricore/Compilers/CompilerGhs.o ./Libraries/Infra/Platform/Tricore/Compilers/CompilerGnuc.o ./Libraries/Infra/Platform/Tricore/Compilers/CompilerTasking.o  ./Configurations/Debug/sync_on_halt.o  ./Blinky_LED.o ./Cpu0_Main.o ./Cpu1_Main.o ./Cpu2_Main.o ./Driver_Stm.o ./GtmTomPwmHl.o ./Scheduler.o 
Finished building target: PWM.elf
 
Invoking: Print Size
elfsize  "PWM.elf"
Total sizes:
ROM: 0x3ffe (16382) = code: 0x3d80 (15744) + romdata: 0x27e (638)
RAM: 0x95df (38367) = data + bss
Finished building: PWM.siz
 
TASKING VX-toolset for AURIX Development Studio (non-commercial): ELF size v1.1r8 Build 22011964

18:09:03 Build Finished. 0 errors, 8 warnings. (took 2s.126ms)

